<?xml version="1.0" encoding="UTF-8"?>
<!-- Generated by org.testng.reporters.JUnitReportReporter -->
<testsuite hostname="Sukhesh" failures="0" tests="1" name="Testcases.RediffLogin" time="73.214" errors="0" timestamp="18 Nov 2019 09:10:48 GMT">
  <testcase classname="Testcases.RediffLogin" name="Login" time="73.214"/>
</testsuite> <!-- Testcases.RediffLogin -->
